# JRE version: Java(TM) SE Runtime Environment (8.0_181-b13) (build 1.8.0_181-b13)
# Java VM: Java HotSpot(TM) 64-Bit Server VM (25.181-b13 mixed mode windows-amd64 compressed oops)
Heap:
 PSYoungGen      total 600576K, used 167339K [0x00000000d5f00000, 0x00000000fad80000, 0x0000000100000000)
  eden space 596480K, 28% used [0x00000000d5f00000,0x00000000e0222f50,0x00000000fa580000)
  from space 4096K, 7% used [0x00000000fa580000,0x00000000fa5c8000,0x00000000fa980000)
  to   space 4096K, 0% used [0x00000000fa980000,0x00000000fa980000,0x00000000fad80000)
 ParOldGen       total 87552K, used 3693K [0x0000000081c00000, 0x0000000087180000, 0x00000000d5f00000)
  object space 87552K, 4% used [0x0000000081c00000,0x0000000081f9b698,0x0000000087180000)
 Metaspace       used 10412K, capacity 10590K, committed 10880K, reserved 1058816K
  class space    used 1301K, capacity 1352K, committed 1408K, reserved 1048576K
GC Heap History (10 events):
Event: 10.245 GC heap before
{Heap before GC invocations=15 (full 0):
 PSYoungGen      total 430592K, used 426272K [0x00000000d5f00000, 0x00000000f0800000, 0x0000000100000000)
  eden space 425984K, 100% used [0x00000000d5f00000,0x00000000eff00000,0x00000000eff00000)
  from space 4608K, 6% used [0x00000000f0380000,0x00000000f03c8000,0x00000000f0800000)
  to   space 4608K, 0% used [0x00000000eff00000,0x00000000eff00000,0x00000000f0380000)
 ParOldGen       total 87552K, used 3141K [0x0000000081c00000, 0x0000000087180000, 0x00000000d5f00000)
  object space 87552K, 3% used [0x0000000081c00000,0x0000000081f11698,0x0000000087180000)
 Metaspace       used 10406K, capacity 10590K, committed 10880K, reserved 1058816K
  class space    used 1301K, capacity 1352K, committed 1408K, reserved 1048576K
Event: 10.250 GC heap after
Heap after GC invocations=15 (full 0):
 PSYoungGen      total 430592K, used 256K [0x00000000d5f00000, 0x00000000f0800000, 0x0000000100000000)
  eden space 425984K, 0% used [0x00000000d5f00000,0x00000000d5f00000,0x00000000eff00000)
  from space 4608K, 5% used [0x00000000eff00000,0x00000000eff40000,0x00000000f0380000)
  to   space 4608K, 0% used [0x00000000f0380000,0x00000000f0380000,0x00000000f0800000)
 ParOldGen       total 87552K, used 3253K [0x0000000081c00000, 0x0000000087180000, 0x00000000d5f00000)
  object space 87552K, 3% used [0x0000000081c00000,0x0000000081f2d698,0x0000000087180000)
 Metaspace       used 10406K, capacity 10590K, committed 10880K, reserved 1058816K
  class space    used 1301K, capacity 1352K, committed 1408K, reserved 1048576K
}
Event: 10.542 GC heap before
{Heap before GC invocations=16 (full 0):
 PSYoungGen      total 430592K, used 426240K [0x00000000d5f00000, 0x00000000f0800000, 0x0000000100000000)
  eden space 425984K, 100% used [0x00000000d5f00000,0x00000000eff00000,0x00000000eff00000)
  from space 4608K, 5% used [0x00000000eff00000,0x00000000eff40000,0x00000000f0380000)
  to   space 4608K, 0% used [0x00000000f0380000,0x00000000f0380000,0x00000000f0800000)
 ParOldGen       total 87552K, used 3253K [0x0000000081c00000, 0x0000000087180000, 0x00000000d5f00000)
  object space 87552K, 3% used [0x0000000081c00000,0x0000000081f2d698,0x0000000087180000)
 Metaspace       used 10406K, capacity 10590K, committed 10880K, reserved 1058816K
  class space    used 1301K, capacity 1352K, committed 1408K, reserved 1048576K
Event: 10.544 GC heap after
Heap after GC invocations=16 (full 0):
 PSYoungGen      total 430592K, used 256K [0x00000000d5f00000, 0x00000000f0800000, 0x0000000100000000)
  eden space 425984K, 0% used [0x00000000d5f00000,0x00000000d5f00000,0x00000000eff00000)
  from space 4608K, 5% used [0x00000000f0380000,0x00000000f03c0000,0x00000000f0800000)
  to   space 4608K, 0% used [0x00000000eff00000,0x00000000eff00000,0x00000000f0380000)
 ParOldGen       total 87552K, used 3349K [0x0000000081c00000, 0x0000000087180000, 0x00000000d5f00000)
  object space 87552K, 3% used [0x0000000081c00000,0x0000000081f45698,0x0000000087180000)
 Metaspace       used 10406K, capacity 10590K, committed 10880K, reserved 1058816K
  class space    used 1301K, capacity 1352K, committed 1408K, reserved 1048576K
}
Event: 10.752 GC heap before
{Heap before GC invocations=17 (full 0):
 PSYoungGen      total 430592K, used 426240K [0x00000000d5f00000, 0x00000000f0800000, 0x0000000100000000)
  eden space 425984K, 100% used [0x00000000d5f00000,0x00000000eff00000,0x00000000eff00000)
  from space 4608K, 5% used [0x00000000f0380000,0x00000000f03c0000,0x00000000f0800000)
  to   space 4608K, 0% used [0x00000000eff00000,0x00000000eff00000,0x00000000f0380000)
 ParOldGen       total 87552K, used 3349K [0x0000000081c00000, 0x0000000087180000, 0x00000000d5f00000)
  object space 87552K, 3% used [0x0000000081c00000,0x0000000081f45698,0x0000000087180000)
 Metaspace       used 10406K, capacity 10590K, committed 10880K, reserved 1058816K
  class space    used 1301K, capacity 1352K, committed 1408K, reserved 1048576K
Event: 10.756 GC heap after
Heap after GC invocations=17 (full 0):
 PSYoungGen      total 430592K, used 320K [0x00000000d5f00000, 0x00000000fad80000, 0x0000000100000000)
  eden space 425984K, 0% used [0x00000000d5f00000,0x00000000d5f00000,0x00000000eff00000)
  from space 4608K, 6% used [0x00000000eff00000,0x00000000eff50000,0x00000000f0380000)
  to   space 4096K, 0% used [0x00000000fa980000,0x00000000fa980000,0x00000000fad80000)
 ParOldGen       total 87552K, used 3469K [0x0000000081c00000, 0x0000000087180000, 0x00000000d5f00000)
  object space 87552K, 3% used [0x0000000081c00000,0x0000000081f63698,0x0000000087180000)
 Metaspace       used 10406K, capacity 10590K, committed 10880K, reserved 1058816K
  class space    used 1301K, capacity 1352K, committed 1408K, reserved 1048576K
}
Event: 11.027 GC heap before
{Heap before GC invocations=18 (full 0):
 PSYoungGen      total 430592K, used 426304K [0x00000000d5f00000, 0x00000000fad80000, 0x0000000100000000)
  eden space 425984K, 100% used [0x00000000d5f00000,0x00000000eff00000,0x00000000eff00000)
  from space 4608K, 6% used [0x00000000eff00000,0x00000000eff50000,0x00000000f0380000)
  to   space 4096K, 0% used [0x00000000fa980000,0x00000000fa980000,0x00000000fad80000)
 ParOldGen       total 87552K, used 3469K [0x0000000081c00000, 0x0000000087180000, 0x00000000d5f00000)
  object space 87552K, 3% used [0x0000000081c00000,0x0000000081f63698,0x0000000087180000)
 Metaspace       used 10407K, capacity 10590K, committed 10880K, reserved 1058816K
  class space    used 1301K, capacity 1352K, committed 1408K, reserved 1048576K
Event: 11.030 GC heap after
Heap after GC invocations=18 (full 0):
 PSYoungGen      total 600576K, used 224K [0x00000000d5f00000, 0x00000000fad80000, 0x0000000100000000)
  eden space 596480K, 0% used [0x00000000d5f00000,0x00000000d5f00000,0x00000000fa580000)
  from space 4096K, 5% used [0x00000000fa980000,0x00000000fa9b8000,0x00000000fad80000)
  to   space 4096K, 0% used [0x00000000fa580000,0x00000000fa580000,0x00000000fa980000)
 ParOldGen       total 87552K, used 3581K [0x0000000081c00000, 0x0000000087180000, 0x00000000d5f00000)
  object space 87552K, 4% used [0x0000000081c00000,0x0000000081f7f698,0x0000000087180000)
 Metaspace       used 10407K, capacity 10590K, committed 10880K, reserved 1058816K
  class space    used 1301K, capacity 1352K, committed 1408K, reserved 1048576K
}
Event: 11.847 GC heap before
{Heap before GC invocations=19 (full 0):
 PSYoungGen      total 600576K, used 596704K [0x00000000d5f00000, 0x00000000fad80000, 0x0000000100000000)
  eden space 596480K, 100% used [0x00000000d5f00000,0x00000000fa580000,0x00000000fa580000)
  from space 4096K, 5% used [0x00000000fa980000,0x00000000fa9b8000,0x00000000fad80000)
  to   space 4096K, 0% used [0x00000000fa580000,0x00000000fa580000,0x00000000fa980000)
 ParOldGen       total 87552K, used 3581K [0x0000000081c00000, 0x0000000087180000, 0x00000000d5f00000)
  object space 87552K, 4% used [0x0000000081c00000,0x0000000081f7f698,0x0000000087180000)
 Metaspace       used 10412K, capacity 10590K, committed 10880K, reserved 1058816K
  class space    used 1301K, capacity 1352K, committed 1408K, reserved 1048576K
Event: 11.851 GC heap after
Heap after GC invocations=19 (full 0):
 PSYoungGen      total 600576K, used 288K [0x00000000d5f00000, 0x00000000fad80000, 0x0000000100000000)
  eden space 596480K, 0% used [0x00000000d5f00000,0x00000000d5f00000,0x00000000fa580000)
  from space 4096K, 7% used [0x00000000fa580000,0x00000000fa5c8000,0x00000000fa980000)
  to   space 4096K, 0% used [0x00000000fa980000,0x00000000fa980000,0x00000000fad80000)
 ParOldGen       total 87552K, used 3693K [0x0000000081c00000, 0x0000000087180000, 0x00000000d5f00000)
  object space 87552K, 4% used [0x0000000081c00000,0x0000000081f9b698,0x0000000087180000)
 Metaspace       used 10412K, capacity 10590K, committed 10880K, reserved 1058816K
  class space    used 1301K, capacity 1352K, committed 1408K, reserved 1048576K
}

